-------------------------------------------------------------------------------
Test set: com.hp.java.DemoApplicationTests
-------------------------------------------------------------------------------
Tests run: 1, Failures: 0, Errors: 1, Skipped: 0, Time elapsed: 0.455 s <<< FAILURE! - in com.hp.java.DemoApplicationTests
com.hp.java.DemoApplicationTests  Time elapsed: 0.452 s  <<< ERROR!
java.lang.IllegalStateException: Unable to find a @SpringBootConfiguration, you need to use @ContextConfiguration or @SpringBootTest(classes=...) with your test

